<?xml version="1.0" encoding="UTF-8"?>
<testsuite name="EdgeConnectorTest" tests="13" skipped="0" failures="0" errors="0" timestamp="2021-09-25T19:45:36" hostname="Masons-MacBook-Pro.local" time="0.003">
  <properties/>
  <testcase name="testGetEndPoint1" classname="EdgeConnectorTest" time="0.001"/>
  <testcase name="testGetEndPoint2" classname="EdgeConnectorTest" time="0.0"/>
  <testcase name="testGetEndStyle1" classname="EdgeConnectorTest" time="0.0"/>
  <testcase name="testGetEndStyle2" classname="EdgeConnectorTest" time="0.0"/>
  <testcase name="testGetNumConnector" classname="EdgeConnectorTest" time="0.0"/>
  <testcase name="testGetIsEP1Field" classname="EdgeConnectorTest" time="0.0"/>
  <testcase name="testGetIsEP1Table" classname="EdgeConnectorTest" time="0.0"/>
  <testcase name="testGetIsEP2Field" classname="EdgeConnectorTest" time="0.0"/>
  <testcase name="testGetIsEP2Table" classname="EdgeConnectorTest" time="0.001"/>
  <testcase name="testSetIsEP1Field" classname="EdgeConnectorTest" time="0.0"/>
  <testcase name="testSetIsEP1Table" classname="EdgeConnectorTest" time="0.0"/>
  <testcase name="testSetIsEP2Field" classname="EdgeConnectorTest" time="0.0"/>
  <testcase name="testSetIsEP2Table" classname="EdgeConnectorTest" time="0.0"/>
  <system-out><![CDATA[]]></system-out>
  <system-err><![CDATA[]]></system-err>
</testsuite>
